#
# A fatal error has been detected by the Java Runtime Environment:
#
#  Internal Error (javaCalls.cpp:51), pid=16388, tid=0x0000000000000650
#  guarantee(thread->is_Java_thread()) failed: crucial check - the VM thread cannot and must not escape to Java code
#
# JRE version: Java(TM) SE Runtime Environment (8.0_221-b11) (build 1.8.0_221-b11)
# Java VM: Java HotSpot(TM) 64-Bit Server VM (25.221-b11 mixed mode windows-amd64 compressed oops)
# Failed to write core dump. Minidumps are not enabled by default on client versions of Windows
#
# If you would like to submit a bug report, please visit:
#   http://bugreport.java.com/bugreport/crash.jsp
#

---------------  T H R E A D  ---------------

Current thread (0x00000000032b5800):  GCTaskThread [stack: 0x00000000132d0000,0x00000000133d0000] [id=1616]

Stack: [0x00000000132d0000,0x00000000133d0000]
[error occurred during error reporting (printing stack bounds), id 0xc0000005]

Native frames: (J=compiled Java code, j=interpreted, Vv=VM code, C=native code)

JavaThread 0x000000001f7c5000 (nid = 20520) was being processed
Java frames: (J=compiled Java code, j=interpreted, Vv=VM code)
j  com.chapumix.solution.app.controllers.CalCalendarioController.uploadCSVFile(Lorg/springframework/web/multipart/MultipartFile;Lorg/springframework/ui/Model;)Ljava/lang/String;+87
v  ~StubRoutines::call_stub
J 1622  sun.reflect.NativeMethodAccessorImpl.invoke0(Ljava/lang/reflect/Method;Ljava/lang/Object;[Ljava/lang/Object;)Ljava/lang/Object; (0 bytes) @ 0x000000000373367f [0x0000000003733600+0x7f]
J 10949 C1 sun.reflect.NativeMethodAccessorImpl.invoke(Ljava/lang/Object;[Ljava/lang/Object;)Ljava/lang/Object; (104 bytes) @ 0x00000000048413d4 [0x0000000004841020+0x3b4]
J 10843 C1 sun.reflect.DelegatingMethodAccessorImpl.invoke(Ljava/lang/Object;[Ljava/lang/Object;)Ljava/lang/Object; (10 bytes) @ 0x000000000480787c [0x0000000004807820+0x5c]
J 10842 C1 java.lang.reflect.Method.invoke(Ljava/lang/Object;[Ljava/lang/Object;)Ljava/lang/Object; (62 bytes) @ 0x000000000480744c [0x0000000004807320+0x12c]
j  org.springframework.web.method.support.InvocableHandlerMethod.doInvoke([Ljava/lang/Object;)Ljava/lang/Object;+16
j  org.springframework.web.method.support.InvocableHandlerMethod.invokeForRequest(Lorg/springframework/web/context/request/NativeWebRequest;Lorg/springframework/web/method/support/ModelAndViewContainer;[Ljava/lang/Object;)Ljava/lang/Object;+56
j  org.springframework.web.servlet.mvc.method.annotation.ServletInvocableHandlerMethod.invokeAndHandle(Lorg/springframework/web/context/request/ServletWebRequest;Lorg/springframework/web/method/support/ModelAndViewContainer;[Ljava/lang/Object;)V+4
j  org.springframework.web.servlet.mvc.method.annotation.RequestMappingHandlerAdapter.invokeHandlerMethod(Ljavax/servlet/http/HttpServletRequest;Ljavax/servlet/http/HttpServletResponse;Lorg/springframework/web/method/HandlerMethod;)Lorg/springframework/web/servlet/ModelAndView;+244
j  org.springframework.web.servlet.mvc.method.annotation.RequestMappingHandlerAdapter.handleInternal(Ljavax/servlet/http/HttpServletRequest;Ljavax/servlet/http/HttpServletResponse;Lorg/springframework/web/method/HandlerMethod;)Lorg/springframework/web/servlet/ModelAndView;+81
j  org.springframework.web.servlet.mvc.method.AbstractHandlerMethodAdapter.handle(Ljavax/servlet/http/HttpServletRequest;Ljavax/servlet/http/HttpServletResponse;Ljava/lang/Object;)Lorg/springframework/web/servlet/ModelAndView;+7
j  org.springframework.web.servlet.DispatcherServlet.doDispatch(Ljavax/servlet/http/HttpServletRequest;Ljavax/servlet/http/HttpServletResponse;)V+257
j  org.springframework.web.servlet.DispatcherServlet.doService(Ljavax/servlet/http/HttpServletRequest;Ljavax/servlet/http/HttpServletResponse;)V+212
j  org.springframework.web.servlet.FrameworkServlet.processRequest(Ljavax/servlet/http/HttpServletRequest;Ljavax/servlet/http/HttpServletResponse;)V+71
j  org.springframework.web.servlet.FrameworkServlet.doPost(Ljavax/servlet/http/HttpServletRequest;Ljavax/servlet/http/HttpServletResponse;)V+3
j  javax.servlet.http.HttpServlet.service(Ljavax/servlet/http/HttpServletRequest;Ljavax/servlet/http/HttpServletResponse;)V+149
j  org.springframework.web.servlet.FrameworkServlet.service(Ljavax/servlet/http/HttpServletRequest;Ljavax/servlet/http/HttpServletResponse;)V+33
j  javax.servlet.http.HttpServlet.service(Ljavax/servlet/ServletRequest;Ljavax/servlet/ServletResponse;)V+36
J 10844 C1 org.apache.catalina.core.ApplicationFilterChain.internalDoFilter(Ljavax/servlet/ServletRequest;Ljavax/servlet/ServletResponse;)V (388 bytes) @ 0x0000000004807ec4 [0x0000000004807ca0+0x224]
J 10853 C1 org.apache.catalina.core.ApplicationFilterChain.doFilter(Ljavax/servlet/ServletRequest;Ljavax/servlet/ServletResponse;)V (105 bytes) @ 0x000000000480c534 [0x000000000480c4e0+0x54]
j  org.apache.tomcat.websocket.server.WsFilter.doFilter(Ljavax/servlet/ServletRequest;Ljavax/servlet/ServletResponse;Ljavax/servlet/FilterChain;)V+21
J 10844 C1 org.apache.catalina.core.ApplicationFilterChain.internalDoFilter(Ljavax/servlet/ServletRequest;Ljavax/servlet/ServletResponse;)V (388 bytes) @ 0x00000000048080cc [0x0000000004807ca0+0x42c]
J 10853 C1 org.apache.catalina.core.ApplicationFilterChain.doFilter(Ljavax/servlet/ServletRequest;Ljavax/servlet/ServletResponse;)V (105 bytes) @ 0x000000000480c534 [0x000000000480c4e0+0x54]
J 10840 C1 org.springframework.security.web.FilterChainProxy$VirtualFilterChain.doFilter(Ljavax/servlet/ServletRequest;Ljavax/servlet/ServletResponse;)V (198 bytes) @ 0x0000000004804a34 [0x0000000004804000+0xa34]
j  org.springframework.security.web.access.intercept.FilterSecurityInterceptor.invoke(Lorg/springframework/security/web/FilterInvocation;)V+94
j  org.springframework.security.web.access.intercept.FilterSecurityInterceptor.doFilter(Ljavax/servlet/ServletRequest;Ljavax/servlet/ServletResponse;Ljavax/servlet/FilterChain;)V+15
J 10840 C1 org.springframework.security.web.FilterChainProxy$VirtualFilterChain.doFilter(Ljavax/servlet/ServletRequest;Ljavax/servlet/ServletResponse;)V (198 bytes) @ 0x00000000048049d4 [0x0000000004804000+0x9d4]
j  org.springframework.security.web.access.ExceptionTranslationFilter.doFilter(Ljavax/servlet/ServletRequest;Ljavax/servlet/ServletResponse;Ljavax/servlet/FilterChain;)V+17
J 10840 C1 org.springframework.security.web.FilterChainProxy$VirtualFilterChain.doFilter(Ljavax/servlet/ServletRequest;Ljavax/servlet/ServletResponse;)V (198 bytes) @ 0x00000000048049d4 [0x0000000004804000+0x9d4]
j  org.springframework.security.web.session.SessionManagementFilter.doFilter(Ljavax/servlet/ServletRequest;Ljavax/servlet/ServletResponse;Ljavax/servlet/FilterChain;)V+258
J 10840 C1 org.springframework.security.web.FilterChainProxy$VirtualFilterChain.doFilter(Ljavax/servlet/ServletRequest;Ljavax/servlet/ServletResponse;)V (198 bytes) @ 0x00000000048049d4 [0x0000000004804000+0x9d4]
j  org.springframework.security.web.authentication.AnonymousAuthenticationFilter.doFilter(Ljavax/servlet/ServletRequest;Ljavax/servlet/ServletResponse;Ljavax/servlet/FilterChain;)V+137
J 10840 C1 org.springframework.security.web.FilterChainProxy$VirtualFilterChain.doFilter(Ljavax/servlet/ServletRequest;Ljavax/servlet/ServletResponse;)V (198 bytes) @ 0x00000000048049d4 [0x0000000004804000+0x9d4]
j  org.springframework.security.web.authentication.rememberme.RememberMeAuthenticationFilter.doFilter(Ljavax/servlet/ServletRequest;Ljavax/servlet/ServletResponse;Ljavax/servlet/FilterChain;)V+332
J 10840 C1 org.springframework.security.web.FilterChainProxy$VirtualFilterChain.doFilter(Ljavax/servlet/ServletRequest;Ljavax/servlet/ServletResponse;)V (198 bytes) @ 0x00000000048049d4 [0x0000000004804000+0x9d4]
j  org.springframework.security.web.servletapi.SecurityContextHolderAwareRequestFilter.doFilter(Ljavax/servlet/ServletRequest;Ljavax/servlet/ServletResponse;Ljavax/servlet/FilterChain;)V+19
J 10840 C1 org.springframework.security.web.FilterChainProxy$VirtualFilterChain.doFilter(Ljavax/servlet/ServletRequest;Ljavax/servlet/ServletResponse;)V (198 bytes) @ 0x00000000048049d4 [0x0000000004804000+0x9d4]
j  org.springframework.security.web.savedrequest.RequestCacheAwareFilter.doFilter(Ljavax/servlet/ServletRequest;Ljavax/servlet/ServletResponse;Ljavax/servlet/FilterChain;)V+32
J 10840 C1 org.springframework.security.web.FilterChainProxy$VirtualFilterChain.doFilter(Ljavax/servlet/ServletRequest;Ljavax/servlet/ServletResponse;)V (198 bytes) @ 0x00000000048049d4 [0x0000000004804000+0x9d4]
j  org.springframework.security.web.authentication.AbstractAuthenticationProcessingFilter.doFilter(Ljavax/servlet/ServletRequest;Ljavax/servlet/ServletResponse;Ljavax/servlet/FilterChain;)V+28
J 10840 C1 org.springframework.security.web.FilterChainProxy$VirtualFilterChain.doFilter(Ljavax/servlet/ServletRequest;Ljavax/servlet/ServletResponse;)V (198 bytes) @ 0x00000000048049d4 [0x0000000004804000+0x9d4]
j  org.springframework.security.web.authentication.logout.LogoutFilter.doFilter(Ljavax/servlet/ServletRequest;Ljavax/servlet/ServletResponse;Ljavax/servlet/FilterChain;)V+115
J 10840 C1 org.springframework.security.web.FilterChainProxy$VirtualFilterChain.doFilter(Ljavax/servlet/ServletRequest;Ljavax/servlet/ServletResponse;)V (198 bytes) @ 0x00000000048049d4 [0x0000000004804000+0x9d4]
j  org.springframework.security.web.csrf.CsrfFilter.doFilterInternal(Ljavax/servlet/http/HttpServletRequest;Ljavax/servlet/http/HttpServletResponse;Ljavax/servlet/FilterChain;)V+263
J 10852 C1 org.springframework.web.filter.OncePerRequestFilter.doFilter(Ljavax/servlet/ServletRequest;Ljavax/servlet/ServletResponse;Ljavax/servlet/FilterChain;)V (148 bytes) @ 0x000000000480bd84 [0x000000000480bae0+0x2a4]
J 10840 C1 org.springframework.security.web.FilterChainProxy$VirtualFilterChain.doFilter(Ljavax/servlet/ServletRequest;Ljavax/servlet/ServletResponse;)V (198 bytes) @ 0x00000000048049d4 [0x0000000004804000+0x9d4]
j  org.springframework.security.web.header.HeaderWriterFilter.doFilterInternal(Ljavax/servlet/http/HttpServletRequest;Ljavax/servlet/http/HttpServletResponse;Ljavax/servlet/FilterChain;)V+32
J 10852 C1 org.springframework.web.filter.OncePerRequestFilter.doFilter(Ljavax/servlet/ServletRequest;Ljavax/servlet/ServletResponse;Ljavax/servlet/FilterChain;)V (148 bytes) @ 0x000000000480bd84 [0x000000000480bae0+0x2a4]
J 10840 C1 org.springframework.security.web.FilterChainProxy$VirtualFilterChain.doFilter(Ljavax/servlet/ServletRequest;Ljavax/servlet/ServletResponse;)V (198 bytes) @ 0x00000000048049d4 [0x0000000004804000+0x9d4]
j  org.springframework.security.web.context.SecurityContextPersistenceFilter.doFilter(Ljavax/servlet/ServletRequest;Ljavax/servlet/ServletResponse;Ljavax/servlet/FilterChain;)V+165
J 10840 C1 org.springframework.security.web.FilterChainProxy$VirtualFilterChain.doFilter(Ljavax/servlet/ServletRequest;Ljavax/servlet/ServletResponse;)V (198 bytes) @ 0x00000000048049d4 [0x0000000004804000+0x9d4]
j  org.springframework.security.web.context.request.async.WebAsyncManagerIntegrationFilter.doFilterInternal(Ljavax/servlet/http/HttpServletRequest;Ljavax/servlet/http/HttpServletResponse;Ljavax/servlet/FilterChain;)V+42
J 10852 C1 org.springframework.web.filter.OncePerRequestFilter.doFilter(Ljavax/servlet/ServletRequest;Ljavax/servlet/ServletResponse;Ljavax/servlet/FilterChain;)V (148 bytes) @ 0x000000000480bd84 [0x000000000480bae0+0x2a4]
J 10840 C1 org.springframework.security.web.FilterChainProxy$VirtualFilterChain.doFilter(Ljavax/servlet/ServletRequest;Ljavax/servlet/ServletResponse;)V (198 bytes) @ 0x00000000048049d4 [0x0000000004804000+0x9d4]
j  org.springframework.security.web.FilterChainProxy.doFilterInternal(Ljavax/servlet/ServletRequest;Ljavax/servlet/ServletResponse;Ljavax/servlet/FilterChain;)V+142
j  org.springframework.security.web.FilterChainProxy.doFilter(Ljavax/servlet/ServletRequest;Ljavax/servlet/ServletResponse;Ljavax/servlet/FilterChain;)V+40
j  org.springframework.web.filter.DelegatingFilterProxy.invokeDelegate(Ljavax/servlet/Filter;Ljavax/servlet/ServletRequest;Ljavax/servlet/ServletResponse;Ljavax/servlet/FilterChain;)V+5
j  org.springframework.web.filter.DelegatingFilterProxy.doFilter(Ljavax/servlet/ServletRequest;Ljavax/servlet/ServletResponse;Ljavax/servlet/FilterChain;)V+85
J 10844 C1 org.apache.catalina.core.ApplicationFilterChain.internalDoFilter(Ljavax/servlet/ServletRequest;Ljavax/servlet/ServletResponse;)V (388 bytes) @ 0x00000000048080cc [0x0000000004807ca0+0x42c]
J 10853 C1 org.apache.catalina.core.ApplicationFilterChain.doFilter(Ljavax/servlet/ServletRequest;Ljavax/servlet/ServletResponse;)V (105 bytes) @ 0x000000000480c534 [0x000000000480c4e0+0x54]
j  org.springframework.web.filter.RequestContextFilter.doFilterInternal(Ljavax/servlet/http/HttpServletRequest;Ljavax/servlet/http/HttpServletResponse;Ljavax/servlet/FilterChain;)V+21
J 10852 C1 org.springframework.web.filter.OncePerRequestFilter.doFilter(Ljavax/servlet/ServletRequest;Ljavax/servlet/ServletResponse;Ljavax/servlet/FilterChain;)V (148 bytes) @ 0x000000000480bd84 [0x000000000480bae0+0x2a4]
J 10844 C1 org.apache.catalina.core.ApplicationFilterChain.internalDoFilter(Ljavax/servlet/ServletRequest;Ljavax/servlet/ServletResponse;)V (388 bytes) @ 0x00000000048080cc [0x0000000004807ca0+0x42c]
J 10853 C1 org.apache.catalina.core.ApplicationFilterChain.doFilter(Ljavax/servlet/ServletRequest;Ljavax/servlet/ServletResponse;)V (105 bytes) @ 0x000000000480c534 [0x000000000480c4e0+0x54]
j  org.springframework.web.filter.FormContentFilter.doFilterInternal(Ljavax/servlet/http/HttpServletRequest;Ljavax/servlet/http/HttpServletResponse;Ljavax/servlet/FilterChain;)V+38
J 10852 C1 org.springframework.web.filter.OncePerRequestFilter.doFilter(Ljavax/servlet/ServletRequest;Ljavax/servlet/ServletResponse;Ljavax/servlet/FilterChain;)V (148 bytes) @ 0x000000000480bd84 [0x000000000480bae0+0x2a4]
J 10844 C1 org.apache.catalina.core.ApplicationFilterChain.internalDoFilter(Ljavax/servlet/ServletRequest;Ljavax/servlet/ServletResponse;)V (388 bytes) @ 0x00000000048080cc [0x0000000004807ca0+0x42c]
J 10853 C1 org.apache.catalina.core.ApplicationFilterChain.doFilter(Ljavax/servlet/ServletRequest;Ljavax/servlet/ServletResponse;)V (105 bytes) @ 0x000000000480c534 [0x000000000480c4e0+0x54]
j  org.springframework.web.filter.HiddenHttpMethodFilter.doFilterInternal(Ljavax/servlet/http/HttpServletRequest;Ljavax/servlet/http/HttpServletResponse;Ljavax/servlet/FilterChain;)V+87
J 10852 C1 org.springframework.web.filter.OncePerRequestFilter.doFilter(Ljavax/servlet/ServletRequest;Ljavax/servlet/ServletResponse;Ljavax/servlet/FilterChain;)V (148 bytes) @ 0x000000000480bd84 [0x000000000480bae0+0x2a4]
J 10844 C1 org.apache.catalina.core.ApplicationFilterChain.internalDoFilter(Ljavax/servlet/ServletRequest;Ljavax/servlet/ServletResponse;)V (388 bytes) @ 0x00000000048080cc [0x0000000004807ca0+0x42c]
J 10853 C1 org.apache.catalina.core.ApplicationFilterChain.doFilter(Ljavax/servlet/ServletRequest;Ljavax/servlet/ServletResponse;)V (105 bytes) @ 0x000000000480c534 [0x000000000480c4e0+0x54]
j  org.springframework.web.filter.CharacterEncodingFilter.doFilterInternal(Ljavax/servlet/http/HttpServletRequest;Ljavax/servlet/http/HttpServletResponse;Ljavax/servlet/FilterChain;)V+53
J 10852 C1 org.springframework.web.filter.OncePerRequestFilter.doFilter(Ljavax/servlet/ServletRequest;Ljavax/servlet/ServletResponse;Ljavax/servlet/FilterChain;)V (148 bytes) @ 0x000000000480bd84 [0x000000000480bae0+0x2a4]
J 10844 C1 org.apache.catalina.core.ApplicationFilterChain.internalDoFilter(Ljavax/servlet/ServletRequest;Ljavax/servlet/ServletResponse;)V (388 bytes) @ 0x00000000048080cc [0x0000000004807ca0+0x42c]
J 10853 C1 org.apache.catalina.core.ApplicationFilterChain.doFilter(Ljavax/servlet/ServletRequest;Ljavax/servlet/ServletResponse;)V (105 bytes) @ 0x000000000480c534 [0x000000000480c4e0+0x54]
j  org.apache.catalina.core.StandardWrapperValve.invoke(Lorg/apache/catalina/connector/Request;Lorg/apache/catalina/connector/Response;)V+694
j  org.apache.catalina.core.StandardContextValve.invoke(Lorg/apache/catalina/connector/Request;Lorg/apache/catalina/connector/Response;)V+166
j  org.apache.catalina.authenticator.AuthenticatorBase.invoke(Lorg/apache/catalina/connector/Request;Lorg/apache/catalina/connector/Response;)V+260
j  org.apache.catalina.core.StandardHostValve.invoke(Lorg/apache/catalina/connector/Request;Lorg/apache/catalina/connector/Response;)V+114
j  org.apache.catalina.valves.ErrorReportValve.invoke(Lorg/apache/catalina/connector/Request;Lorg/apache/catalina/connector/Response;)V+6
j  org.apache.catalina.core.StandardEngineValve.invoke(Lorg/apache/catalina/connector/Request;Lorg/apache/catalina/connector/Response;)V+45
j  org.apache.catalina.connector.CoyoteAdapter.service(Lorg/apache/coyote/Request;Lorg/apache/coyote/Response;)V+199
j  org.apache.coyote.http11.Http11Processor.service(Lorg/apache/tomcat/util/net/SocketWrapperBase;)Lorg/apache/tomcat/util/net/AbstractEndpoint$Handler$SocketState;+791
j  org.apache.coyote.AbstractProcessorLight.process(Lorg/apache/tomcat/util/net/SocketWrapperBase;Lorg/apache/tomcat/util/net/SocketEvent;)Lorg/apache/tomcat/util/net/AbstractEndpoint$Handler$SocketState;+113
j  org.apache.coyote.AbstractProtocol$ConnectionHandler.process(Lorg/apache/tomcat/util/net/SocketWrapperBase;Lorg/apache/tomcat/util/net/SocketEvent;)Lorg/apache/tomcat/util/net/AbstractEndpoint$Handler$SocketState;+422
j  org.apache.tomcat.util.net.NioEndpoint$SocketProcessor.doRun()V+221
j  org.apache.tomcat.util.net.SocketProcessorBase.run()V+21
J 11202 C1 java.util.concurrent.ThreadPoolExecutor.runWorker(Ljava/util/concurrent/ThreadPoolExecutor$Worker;)V (225 bytes) @ 0x00000000048cb3fc [0x00000000048cb180+0x27c]
j  java.util.concurrent.ThreadPoolExecutor$Worker.run()V+5
j  org.apache.tomcat.util.threads.TaskThread$WrappingRunnable.run()V+4
J 11582 C1 java.lang.Thread.run()V (17 bytes) @ 0x0000000004998374 [0x0000000004998320+0x54]
v  ~StubRoutines::call_stub

---------------  P R O C E S S  ---------------

Java Threads: ( => current thread )
  0x000000001f7ce000 JavaThread "Thread-87" [_thread_blocked, id=16880, stack(0x00000000015c0000,0x00000000016c0000)]
  0x000000001ba78000 JavaThread "RMI TCP Connection(idle)" daemon [_thread_blocked, id=25280, stack(0x0000000024160000,0x0000000024260000)]
  0x000000001ba76800 JavaThread "RMI TCP Connection(idle)" daemon [_thread_blocked, id=18812, stack(0x000000001c2f0000,0x000000001c3f0000)]
  0x000000001ba77000 JavaThread "RMI TCP Connection(idle)" daemon [_thread_blocked, id=15468, stack(0x00000000013c0000,0x00000000014c0000)]
  0x000000001ba73800 JavaThread "http-nio-9001-Acceptor" daemon [_thread_blocked, id=14880, stack(0x0000000024060000,0x0000000024160000)]
  0x000000001f7c5800 JavaThread "Catalina-utility-1" [_thread_blocked, id=22776, stack(0x000000001c5f0000,0x000000001c6f0000)]
  0x000000001f7c5000 JavaThread "http-nio-9001-exec-1" daemon [_thread_blocked, id=20520, stack(0x0000000021b90000,0x0000000021c90000)]
  0x000000001f7d4000 JavaThread "DestroyJavaVM" [_thread_blocked, id=25004, stack(0x0000000003090000,0x0000000003190000)]
  0x000000001ba75800 JavaThread "mysql-cj-abandoned-connection-cleanup" daemon [_thread_blocked, id=18876, stack(0x0000000020290000,0x0000000020390000)]
  0x000000001b976000 JavaThread "JMX server connection timeout 21" daemon [_thread_blocked, id=24544, stack(0x000000001c6f0000,0x000000001c7f0000)]
  0x000000001b974000 JavaThread "RMI Scheduler(0)" daemon [_thread_blocked, id=23388, stack(0x000000001c3f0000,0x000000001c4f0000)]
  0x000000001b706000 JavaThread "RMI TCP Accept-0" daemon [_thread_in_native, id=21572, stack(0x000000001bd80000,0x000000001be80000)]
  0x000000001b702000 JavaThread "RMI TCP Accept-54643" daemon [_thread_in_native, id=18576, stack(0x000000001bc80000,0x000000001bd80000)]
  0x000000001b6ef800 JavaThread "RMI TCP Accept-0" daemon [_thread_in_native, id=19396, stack(0x000000001bb80000,0x000000001bc80000)]
  0x0000000019f83800 JavaThread "Service Thread" daemon [_thread_blocked, id=20504, stack(0x000000001b280000,0x000000001b380000)]
  0x0000000019f96000 JavaThread "C1 CompilerThread3" daemon [_thread_blocked, id=23208, stack(0x000000001b180000,0x000000001b280000)]
  0x0000000019f95800 JavaThread "C2 CompilerThread2" daemon [_thread_blocked, id=13480, stack(0x000000001b080000,0x000000001b180000)]
  0x0000000019f8c800 JavaThread "C2 CompilerThread1" daemon [_thread_blocked, id=16064, stack(0x000000001af80000,0x000000001b080000)]
  0x0000000019f87000 JavaThread "C2 CompilerThread0" daemon [_thread_blocked, id=16832, stack(0x000000001ae80000,0x000000001af80000)]
  0x0000000019f70800 JavaThread "JDWP Command Reader" daemon [_thread_in_native, id=22728, stack(0x000000001ad80000,0x000000001ae80000)]
  0x0000000019f6f800 JavaThread "JDWP Event Helper Thread" daemon [_thread_blocked, id=24916, stack(0x000000001ac80000,0x000000001ad80000)]
  0x0000000019f6d800 JavaThread "JDWP Transport Listener: dt_socket" daemon [_thread_blocked, id=10616, stack(0x000000001ab80000,0x000000001ac80000)]
  0x0000000019f5c000 JavaThread "Attach Listener" daemon [_thread_blocked, id=7760, stack(0x000000001a740000,0x000000001a840000)]
  0x0000000019f5b000 JavaThread "Signal Dispatcher" daemon [_thread_blocked, id=24832, stack(0x000000001a640000,0x000000001a740000)]
  0x0000000019f41800 JavaThread "Finalizer" daemon [_thread_blocked, id=10256, stack(0x000000001a420000,0x000000001a520000)]
  0x0000000019f40800 JavaThread "Reference Handler" daemon [_thread_blocked, id=1980, stack(0x000000001a320000,0x000000001a420000)]

Other Threads:
  0x000000000338e800 VMThread [stack: 0x0000000019e20000,0x0000000019f20000] [id=25120]
  0x000000001b70a000 WatcherThread [stack: 0x000000001be80000,0x000000001bf80000] [id=21636]

=>0x00000000032b5800 (exited) GCTaskThread [stack: 0x00000000132d0000,0x00000000133d0000] [id=1616]

VM state:at safepoint (normal execution)

VM Mutex/Monitor currently owned by a thread:  ([mutex/lock_event])
[0x0000000003293b90] Threads_lock - owner thread: 0x000000000338e800
[0x0000000003293f10] Heap_lock - owner thread: 0x000000001f7ce000

heap address: 0x0000000084a00000, size: 1974 MB, Compressed Oops mode: 32-bit
Narrow klass base: 0x0000000000000000, Narrow klass shift: 3
Compressed class space size: 1073741824 Address: 0x0000000100000000

Heap:
 PSYoungGen      total 76288K, used 35100K [0x00000000d6e00000, 0x00000000dc580000, 0x0000000100000000)
  eden space 64512K, 43% used [0x00000000d6e00000,0x00000000d895e568,0x00000000dad00000)
  from space 11776K, 60% used [0x00000000dad00000,0x00000000db3e8d08,0x00000000db880000)
  to   space 11776K, 32% used [0x00000000dba00000,0x00000000dbdc8c98,0x00000000dc580000)
 ParOldGen       total 121344K, used 28559K [0x0000000084a00000, 0x000000008c080000, 0x00000000d6e00000)
  object space 121344K, 23% used [0x0000000084a00000,0x00000000865e3d20,0x000000008c080000)
 Metaspace       used 71333K, capacity 75928K, committed 76248K, reserved 1116160K
  class space    used 9527K, capacity 10373K, committed 10496K, reserved 1048576K

Card table byte_map: [0x0000000012750000,0x0000000012b30000] byte_map_base: 0x000000001232b000

Marking Bits: (ParMarkBitMap*) 0x0000000076da5ce0
 Begin Bits: [0x00000000135d0000, 0x00000000154a8000)
 End Bits:   [0x00000000154a8000, 0x0000000017380000)

Polling page: 0x0000000001720000

CodeCache: size=245760Kb used=23240Kb max_used=23240Kb free=222519Kb
 bounds [0x0000000003390000, 0x0000000004a50000, 0x0000000012390000]
 total_blobs=12327 nmethods=11718 adapters=527
 compilation: enabled

Compilation events (10 events):
Event: 4297.471 Thread 0x0000000019f96000 nmethod 11932 0x0000000004a443d0 code [0x0000000004a44520, 0x0000000004a44630]
Event: 4297.483 Thread 0x0000000019f96000 11933       1       java.util.ArrayList$ListItr::previous (59 bytes)
Event: 4297.483 Thread 0x0000000019f96000 nmethod 11933 0x0000000004a44690 code [0x0000000004a44840, 0x0000000004a44b08]
Event: 4297.485 Thread 0x0000000019f96000 11934       1       java.util.concurrent.ThreadPoolExecutor::ctlOf (4 bytes)
Event: 4297.485 Thread 0x0000000019f96000 nmethod 11934 0x0000000004a44d90 code [0x0000000004a44ee0, 0x0000000004a44fd0]
Event: 4297.584 Thread 0x0000000019f96000 11935       1       java.net.NetworkInterface$1checkedAddresses::hasMoreElements (17 bytes)
Event: 4297.584 Thread 0x0000000019f96000 nmethod 11935 0x0000000004a45050 code [0x0000000004a451a0, 0x0000000004a452d0]
Event: 4297.602 Thread 0x0000000019f96000 11936  s!   1       org.apache.catalina.util.LifecycleBase::destroy (274 bytes)
Event: 4297.605 Thread 0x0000000019f96000 nmethod 11936 0x0000000004a45350 code [0x0000000004a45600, 0x0000000004a46448]
Event: 4297.609 Thread 0x0000000019f96000 11937   !   1       com.sun.jmx.interceptor.DefaultMBeanServerInterceptor::exclusiveUnregisterMBean (80 bytes)

GC Heap History (10 events):
Event: 4218.890 GC heap after
Heap after GC invocations=147 (full 12):
 PSYoungGen      total 72192K, used 4723K [0x00000000d6e00000, 0x00000000dc080000, 0x0000000100000000)
  eden space 60928K, 0% used [0x00000000d6e00000,0x00000000d6e00000,0x00000000da980000)
  from space 11264K, 41% used [0x00000000da980000,0x00000000dae1ce20,0x00000000db480000)
  to   space 10752K, 0% used [0x00000000db600000,0x00000000db600000,0x00000000dc080000)
 ParOldGen       total 121344K, used 28543K [0x0000000084a00000, 0x000000008c080000, 0x00000000d6e00000)
  object space 121344K, 23% used [0x0000000084a00000,0x00000000865dfd20,0x000000008c080000)
 Metaspace       used 70779K, capacity 75210K, committed 75352K, reserved 1114112K
  class space    used 9491K, capacity 10295K, committed 10368K, reserved 1048576K
}
Event: 4219.619 GC heap before
{Heap before GC invocations=148 (full 12):
 PSYoungGen      total 72192K, used 65651K [0x00000000d6e00000, 0x00000000dc080000, 0x0000000100000000)
  eden space 60928K, 100% used [0x00000000d6e00000,0x00000000da980000,0x00000000da980000)
  from space 11264K, 41% used [0x00000000da980000,0x00000000dae1ce20,0x00000000db480000)
  to   space 10752K, 0% used [0x00000000db600000,0x00000000db600000,0x00000000dc080000)
 ParOldGen       total 121344K, used 28543K [0x0000000084a00000, 0x000000008c080000, 0x00000000d6e00000)
  object space 121344K, 23% used [0x0000000084a00000,0x00000000865dfd20,0x000000008c080000)
 Metaspace       used 71197K, capacity 75692K, committed 75864K, reserved 1114112K
  class space    used 9520K, capacity 10338K, committed 10368K, reserved 1048576K
Event: 4219.627 GC heap after
Heap after GC invocations=148 (full 12):
 PSYoungGen      total 73216K, used 8160K [0x00000000d6e00000, 0x00000000dc200000, 0x0000000100000000)
  eden space 62464K, 0% used [0x00000000d6e00000,0x00000000d6e00000,0x00000000dab00000)
  from space 10752K, 75% used [0x00000000db600000,0x00000000dbdf8130,0x00000000dc080000)
  to   space 11264K, 0% used [0x00000000dab00000,0x00000000dab00000,0x00000000db600000)
 ParOldGen       total 121344K, used 28551K [0x0000000084a00000, 0x000000008c080000, 0x00000000d6e00000)
  object space 121344K, 23% used [0x0000000084a00000,0x00000000865e1d20,0x000000008c080000)
 Metaspace       used 71197K, capacity 75692K, committed 75864K, reserved 1114112K
  class space    used 9520K, capacity 10338K, committed 10368K, reserved 1048576K
}
Event: 4238.118 GC heap before
{Heap before GC invocations=149 (full 12):
 PSYoungGen      total 73216K, used 70624K [0x00000000d6e00000, 0x00000000dc200000, 0x0000000100000000)
  eden space 62464K, 100% used [0x00000000d6e00000,0x00000000dab00000,0x00000000dab00000)
  from space 10752K, 75% used [0x00000000db600000,0x00000000dbdf8130,0x00000000dc080000)
  to   space 11264K, 0% used [0x00000000dab00000,0x00000000dab00000,0x00000000db600000)
 ParOldGen       total 121344K, used 28551K [0x0000000084a00000, 0x000000008c080000, 0x00000000d6e00000)
  object space 121344K, 23% used [0x0000000084a00000,0x00000000865e1d20,0x000000008c080000)
 Metaspace       used 71201K, capacity 75698K, committed 75864K, reserved 1114112K
  class space    used 9521K, capacity 10339K, committed 10368K, reserved 1048576K
Event: 4238.126 GC heap after
Heap after GC invocations=149 (full 12):
 PSYoungGen      total 73728K, used 7072K [0x00000000d6e00000, 0x00000000dc480000, 0x0000000100000000)
  eden space 62464K, 0% used [0x00000000d6e00000,0x00000000d6e00000,0x00000000dab00000)
  from space 11264K, 62% used [0x00000000dab00000,0x00000000db1e8110,0x00000000db600000)
  to   space 11776K, 0% used [0x00000000db900000,0x00000000db900000,0x00000000dc480000)
 ParOldGen       total 121344K, used 28559K [0x0000000084a00000, 0x000000008c080000, 0x00000000d6e00000)
  object space 121344K, 23% used [0x0000000084a00000,0x00000000865e3d20,0x000000008c080000)
 Metaspace       used 71201K, capacity 75698K, committed 75864K, reserved 1114112K
  class space    used 9521K, capacity 10339K, committed 10368K, reserved 1048576K
}
Event: 4262.615 GC heap before
{Heap before GC invocations=150 (full 12):
 PSYoungGen      total 73728K, used 69536K [0x00000000d6e00000, 0x00000000dc480000, 0x0000000100000000)
  eden space 62464K, 100% used [0x00000000d6e00000,0x00000000dab00000,0x00000000dab00000)
  from space 11264K, 62% used [0x00000000dab00000,0x00000000db1e8110,0x00000000db600000)
  to   space 11776K, 0% used [0x00000000db900000,0x00000000db900000,0x00000000dc480000)
 ParOldGen       total 121344K, used 28559K [0x0000000084a00000, 0x000000008c080000, 0x00000000d6e00000)
  object space 121344K, 23% used [0x0000000084a00000,0x00000000865e3d20,0x000000008c080000)
 Metaspace       used 71201K, capacity 75698K, committed 75864K, reserved 1114112K
  class space    used 9521K, capacity 10339K, committed 10368K, reserved 1048576K
Event: 4262.620 GC heap after
Heap after GC invocations=150 (full 12):
 PSYoungGen      total 75776K, used 7523K [0x00000000d6e00000, 0x00000000dc400000, 0x0000000100000000)
  eden space 64512K, 0% used [0x00000000d6e00000,0x00000000d6e00000,0x00000000dad00000)
  from space 11264K, 66% used [0x00000000db900000,0x00000000dc058d08,0x00000000dc400000)
  to   space 11776K, 0% used [0x00000000dad00000,0x00000000dad00000,0x00000000db880000)
 ParOldGen       total 121344K, used 28559K [0x0000000084a00000, 0x000000008c080000, 0x00000000d6e00000)
  object space 121344K, 23% used [0x0000000084a00000,0x00000000865e3d20,0x000000008c080000)
 Metaspace       used 71201K, capacity 75698K, committed 75864K, reserved 1114112K
  class space    used 9521K, capacity 10339K, committed 10368K, reserved 1048576K
}
Event: 4288.477 GC heap before
{Heap before GC invocations=151 (full 12):
 PSYoungGen      total 75776K, used 72035K [0x00000000d6e00000, 0x00000000dc400000, 0x0000000100000000)
  eden space 64512K, 100% used [0x00000000d6e00000,0x00000000dad00000,0x00000000dad00000)
  from space 11264K, 66% used [0x00000000db900000,0x00000000dc058d08,0x00000000dc400000)
  to   space 11776K, 0% used [0x00000000dad00000,0x00000000dad00000,0x00000000db880000)
 ParOldGen       total 121344K, used 28559K [0x0000000084a00000, 0x000000008c080000, 0x00000000d6e00000)
  object space 121344K, 23% used [0x0000000084a00000,0x00000000865e3d20,0x000000008c080000)
 Metaspace       used 71201K, capacity 75698K, committed 75864K, reserved 1114112K
  class space    used 9521K, capacity 10339K, committed 10368K, reserved 1048576K
Event: 4288.482 GC heap after
Heap after GC invocations=151 (full 12):
 PSYoungGen      total 76288K, used 7075K [0x00000000d6e00000, 0x00000000dc580000, 0x0000000100000000)
  eden space 64512K, 0% used [0x00000000d6e00000,0x00000000d6e00000,0x00000000dad00000)
  from space 11776K, 60% used [0x00000000dad00000,0x00000000db3e8d08,0x00000000db880000)
  to   space 11776K, 0% used [0x00000000dba00000,0x00000000dba00000,0x00000000dc580000)
 ParOldGen       total 121344K, used 28559K [0x0000000084a00000, 0x000000008c080000, 0x00000000d6e00000)
  object space 121344K, 23% used [0x0000000084a00000,0x00000000865e3d20,0x000000008c080000)
 Metaspace       used 71201K, capacity 75698K, committed 75864K, reserved 1114112K
  class space    used 9521K, capacity 10339K, committed 10368K, reserved 1048576K
}
Event: 4297.609 GC heap before
{Heap before GC invocations=152 (full 12):
 PSYoungGen      total 76288K, used 35100K [0x00000000d6e00000, 0x00000000dc580000, 0x0000000100000000)
  eden space 64512K, 43% used [0x00000000d6e00000,0x00000000d895e470,0x00000000dad00000)
  from space 11776K, 60% used [0x00000000dad00000,0x00000000db3e8d08,0x00000000db880000)
  to   space 11776K, 0% used [0x00000000dba00000,0x00000000dba00000,0x00000000dc580000)
 ParOldGen       total 121344K, used 28559K [0x0000000084a00000, 0x000000008c080000, 0x00000000d6e00000)
  object space 121344K, 23% used [0x0000000084a00000,0x00000000865e3d20,0x000000008c080000)
 Metaspace       used 71333K, capacity 75928K, committed 76248K, reserved 1116160K
  class space    used 9527K, capacity 10373K, committed 10496K, reserved 1048576K

Deoptimization events (0 events):
No events

Classes redefined (10 events):
Event: 4295.660 Thread 0x000000000338e800 redefined class name=com.chapumix.solution.app.controllers.CalCalendarioController, count=10
Event: 4295.693 Thread 0x000000000338e800 redefined class name=com.chapumix.solution.app.controllers.CalCalendarioController, count=7
Event: 4295.729 Thread 0x000000000338e800 redefined class name=com.chapumix.solution.app.controllers.CalCalendarioController, count=6
Event: 4295.762 Thread 0x000000000338e800 redefined class name=com.chapumix.solution.app.controllers.CalCalendarioController, count=5
Event: 4295.796 Thread 0x000000000338e800 redefined class name=com.chapumix.solution.app.controllers.CalCalendarioController, count=3
Event: 4295.829 Thread 0x000000000338e800 redefined class name=com.chapumix.solution.app.controllers.CalCalendarioController, count=9
Event: 4295.860 Thread 0x000000000338e800 redefined class name=com.chapumix.solution.app.controllers.CalCalendarioController, count=2
Event: 4295.891 Thread 0x000000000338e800 redefined class name=com.chapumix.solution.app.controllers.CalCalendarioController, count=4
Event: 4295.922 Thread 0x000000000338e800 redefined class name=com.chapumix.solution.app.controllers.CalCalendarioController, count=1
Event: 4295.953 Thread 0x000000000338e800 redefined class name=com.chapumix.solution.app.controllers.CalCalendarioController, count=8

Internal exceptions (10 events):
Event: 4219.694 Thread 0x000000001f7ca000 Exception <a 'java/lang/ArrayIndexOutOfBoundsException'> (0x00000000d74ed130) thrown at [C:\re\workspace\8-2-build-windows-amd64-cygwin\jdk8u221\13320\hotspot\src\share\vm\runtime\sharedRuntime.cpp, line 605]
Event: 4219.694 Thread 0x000000001f7ca000 Exception <a 'java/lang/ArrayIndexOutOfBoundsException'> (0x00000000d74ef860) thrown at [C:\re\workspace\8-2-build-windows-amd64-cygwin\jdk8u221\13320\hotspot\src\share\vm\runtime\sharedRuntime.cpp, line 605]
Event: 4219.697 Thread 0x000000001f7ca000 Exception <a 'java/lang/ArrayIndexOutOfBoundsException'> (0x00000000d75961b0) thrown at [C:\re\workspace\8-2-build-windows-amd64-cygwin\jdk8u221\13320\hotspot\src\share\vm\runtime\sharedRuntime.cpp, line 605]
Event: 4219.697 Thread 0x000000001f7ca000 Exception <a 'java/lang/ArrayIndexOutOfBoundsException'> (0x00000000d7598220) thrown at [C:\re\workspace\8-2-build-windows-amd64-cygwin\jdk8u221\13320\hotspot\src\share\vm\runtime\sharedRuntime.cpp, line 605]
Event: 4219.697 Thread 0x000000001f7ca000 Exception <a 'java/lang/ArrayIndexOutOfBoundsException'> (0x00000000d759a7d0) thrown at [C:\re\workspace\8-2-build-windows-amd64-cygwin\jdk8u221\13320\hotspot\src\share\vm\runtime\sharedRuntime.cpp, line 605]
Event: 4219.702 Thread 0x000000001f7ca000 Exception <a 'java/lang/ArrayIndexOutOfBoundsException'> (0x00000000d7618ac8) thrown at [C:\re\workspace\8-2-build-windows-amd64-cygwin\jdk8u221\13320\hotspot\src\share\vm\runtime\sharedRuntime.cpp, line 605]
Event: 4219.705 Thread 0x000000001f7ca000 Exception <a 'java/lang/ArrayIndexOutOfBoundsException'> (0x00000000d7681b68) thrown at [C:\re\workspace\8-2-build-windows-amd64-cygwin\jdk8u221\13320\hotspot\src\share\vm\runtime\sharedRuntime.cpp, line 605]
Event: 4219.955 Thread 0x000000001f7ca000 Exception <a 'java/lang/ArrayIndexOutOfBoundsException'> (0x00000000d78c1358) thrown at [C:\re\workspace\8-2-build-windows-amd64-cygwin\jdk8u221\13320\hotspot\src\share\vm\runtime\sharedRuntime.cpp, line 605]
Event: 4219.955 Thread 0x000000001f7ca000 Exception <a 'java/lang/ArrayIndexOutOfBoundsException'> (0x00000000d78c2990) thrown at [C:\re\workspace\8-2-build-windows-amd64-cygwin\jdk8u221\13320\hotspot\src\share\vm\runtime\sharedRuntime.cpp, line 605]
Event: 4297.608 Thread 0x000000001f7cd000 Exception <a 'java/lang/InterruptedException': sleep interrupted> (0x00000000d8908470) thrown at [C:\re\workspace\8-2-build-windows-amd64-cygwin\jdk8u221\13320\hotspot\src\share\vm\prims\jvm.cpp, line 3336]

Events (10 events):
Event: 4297.609 Thread 0x000000001f7c6800 DEOPT PACKING pc=0x0000000003f45c04 sp=0x000000001c8ef000
Event: 4297.609 Thread 0x000000001f7c6800 DEOPT UNPACKING pc=0x00000000033d7890 sp=0x000000001c8eeda0 mode 1
Event: 4297.609 Thread 0x000000001f7c5800 DEOPT PACKING pc=0x00000000041f4304 sp=0x000000001c6eee90
Event: 4297.609 Thread 0x000000001f7c5800 DEOPT UNPACKING pc=0x00000000033d7890 sp=0x000000001c6eec70 mode 1
Event: 4297.609 Thread 0x000000001f7c5800 DEOPT PACKING pc=0x00000000041f5a5c sp=0x000000001c6eefc0
Event: 4297.609 Thread 0x000000001f7c5800 DEOPT UNPACKING pc=0x00000000033d7890 sp=0x000000001c6eece8 mode 1
Event: 4297.609 Thread 0x000000001f7c5800 DEOPT PACKING pc=0x0000000003f45c04 sp=0x000000001c6ef000
Event: 4297.609 Thread 0x000000001f7c5800 DEOPT UNPACKING pc=0x00000000033d7890 sp=0x000000001c6eeda0 mode 1
Event: 4297.609 Thread 0x000000001f7c6800 Thread exited: 0x000000001f7c6800
Event: 4297.609 Executing VM operation: ParallelGCSystemGC


Dynamic libraries:
0x00007ff725a60000 - 0x00007ff725a97000 	C:\Program Files\Java\jdk1.8.0_221\bin\javaw.exe
0x00007ff819be0000 - 0x00007ff819dd0000 	C:\Windows\SYSTEM32\ntdll.dll
0x00007ff817c90000 - 0x00007ff817d42000 	C:\Windows\System32\KERNEL32.DLL
0x00007ff816c70000 - 0x00007ff816f13000 	C:\Windows\System32\KERNELBASE.dll
0x00007ff819480000 - 0x00007ff819523000 	C:\Windows\System32\ADVAPI32.dll
0x00007ff818dc0000 - 0x00007ff818e5e000 	C:\Windows\System32\msvcrt.dll
0x00007ff8199a0000 - 0x00007ff819a37000 	C:\Windows\System32\sechost.dll
0x00007ff818e90000 - 0x00007ff818fb0000 	C:\Windows\System32\RPCRT4.dll
0x00007ff819260000 - 0x00007ff8193f4000 	C:\Windows\System32\USER32.dll
0x00007ff8171f0000 - 0x00007ff817211000 	C:\Windows\System32\win32u.dll
0x00007ff818d90000 - 0x00007ff818db6000 	C:\Windows\System32\GDI32.dll
0x00007ff816f70000 - 0x00007ff817104000 	C:\Windows\System32\gdi32full.dll
0x00007ff817aa0000 - 0x00007ff817b3e000 	C:\Windows\System32\msvcp_win.dll
0x00007ff816b70000 - 0x00007ff816c6a000 	C:\Windows\System32\ucrtbase.dll
0x00007ff80ebb0000 - 0x00007ff80ee35000 	C:\Windows\WinSxS\amd64_microsoft.windows.common-controls_6595b64144ccf1df_6.0.18362.657_none_e6c5b579130e3898\COMCTL32.dll
0x00007ff818980000 - 0x00007ff818cb6000 	C:\Windows\System32\combase.dll
0x00007ff817170000 - 0x00007ff8171f0000 	C:\Windows\System32\bcryptPrimitives.dll
0x00007ff818e60000 - 0x00007ff818e8e000 	C:\Windows\System32\IMM32.DLL
0x00007ff816570000 - 0x00007ff8165ad000 	C:\Windows\system32\SophosAV\sophos_detoured_x64.dll
0x00007ff818810000 - 0x00007ff818818000 	C:\Windows\System32\PSAPI.DLL
0x0000000076e30000 - 0x0000000076f02000 	C:\Program Files\Java\jdk1.8.0_221\jre\bin\msvcr100.dll
0x0000000076580000 - 0x0000000076e25000 	C:\Program Files\Java\jdk1.8.0_221\jre\bin\server\jvm.dll
0x00007ff80f040000 - 0x00007ff80f049000 	C:\Windows\SYSTEM32\WSOCK32.dll
0x00007ff819010000 - 0x00007ff81907f000 	C:\Windows\System32\WS2_32.dll
0x00007ff80f010000 - 0x00007ff80f034000 	C:\Windows\SYSTEM32\WINMM.dll
0x00007ff810eb0000 - 0x00007ff810eba000 	C:\Windows\SYSTEM32\VERSION.dll
0x00007ff80efe0000 - 0x00007ff80f00d000 	C:\Windows\SYSTEM32\winmmbase.dll
0x00007ff816f20000 - 0x00007ff816f6a000 	C:\Windows\System32\cfgmgr32.dll
0x00007ff8122f0000 - 0x00007ff8122ff000 	C:\Program Files\Java\jdk1.8.0_221\jre\bin\verify.dll
0x00007ffff8b20000 - 0x00007ffff8b49000 	C:\Program Files\Java\jdk1.8.0_221\jre\bin\java.dll
0x00007ffff9370000 - 0x00007ffff93a5000 	C:\Program Files\Java\jdk1.8.0_221\jre\bin\jdwp.dll
0x00007ff80ffc0000 - 0x00007ff80ffc8000 	C:\Program Files\Java\jdk1.8.0_221\jre\bin\npt.dll
0x00007ffff8dd0000 - 0x00007ffff8de6000 	C:\Program Files\Java\jdk1.8.0_221\jre\bin\zip.dll
0x00007ff817d50000 - 0x00007ff818435000 	C:\Windows\System32\SHELL32.dll
0x00007ff818820000 - 0x00007ff8188c9000 	C:\Windows\System32\shcore.dll
0x00007ff817320000 - 0x00007ff817a9f000 	C:\Windows\System32\windows.storage.dll
0x00007ff816b00000 - 0x00007ff816b1f000 	C:\Windows\System32\profapi.dll
0x00007ff816b20000 - 0x00007ff816b6a000 	C:\Windows\System32\powrprof.dll
0x00007ff816ab0000 - 0x00007ff816ac0000 	C:\Windows\System32\UMPDC.dll
0x00007ff819ae0000 - 0x00007ff819b32000 	C:\Windows\System32\shlwapi.dll
0x00007ff816ae0000 - 0x00007ff816af1000 	C:\Windows\System32\kernel.appcore.dll
0x00007ff817250000 - 0x00007ff817267000 	C:\Windows\System32\cryptsp.dll
0x00007ff80ffb0000 - 0x00007ff80ffb9000 	C:\Program Files\Java\jdk1.8.0_221\jre\bin\dt_socket.dll
0x00007ff805e30000 - 0x00007ff805e46000 	C:\Windows\system32\napinsp.dll
0x00007ff805ed0000 - 0x00007ff805eea000 	C:\Windows\system32\pnrpnsp.dll
0x00007ff8162e0000 - 0x00007ff816347000 	C:\Windows\System32\mswsock.dll
0x00007ff816030000 - 0x00007ff8160fa000 	C:\Windows\SYSTEM32\DNSAPI.dll
0x00007ff818800000 - 0x00007ff818808000 	C:\Windows\System32\NSI.dll
0x00007ff815ff0000 - 0x00007ff81602a000 	C:\Windows\SYSTEM32\IPHLPAPI.DLL
0x00007ff805e70000 - 0x00007ff805e7e000 	C:\Windows\System32\winrnr.dll
0x00007ff8120b0000 - 0x00007ff8120cc000 	C:\Windows\system32\NLAapi.dll
0x00007ff805c40000 - 0x00007ff805c55000 	C:\Windows\system32\wshbth.dll
0x00007ff811a50000 - 0x00007ff811ac7000 	C:\Windows\System32\fwpuclnt.dll
0x00007ff817220000 - 0x00007ff817246000 	C:\Windows\System32\bcrypt.dll
0x00007ff8113a0000 - 0x00007ff8113aa000 	C:\Windows\System32\rasadhlp.dll
0x00007ff80da20000 - 0x00007ff80da2d000 	C:\Program Files\Java\jdk1.8.0_221\jre\bin\management.dll
0x00007ffff76a0000 - 0x00007ffff76ba000 	C:\Program Files\Java\jdk1.8.0_221\jre\bin\net.dll
0x00007ff809690000 - 0x00007ff809866000 	C:\Windows\SYSTEM32\urlmon.dll
0x00007ff80b340000 - 0x00007ff80b5e6000 	C:\Windows\SYSTEM32\iertutil.dll
0x00007ff8164b0000 - 0x00007ff8164bc000 	C:\Windows\SYSTEM32\CRYPTBASE.DLL
0x00007ffff7500000 - 0x00007ffff7512000 	C:\Program Files\Java\jdk1.8.0_221\jre\bin\nio.dll
0x00007ff815e50000 - 0x00007ff815e83000 	C:\Windows\system32\rsaenh.dll
0x00007ff8169d0000 - 0x00007ff8169f5000 	C:\Windows\SYSTEM32\USERENV.dll
0x00007ff811d00000 - 0x00007ff811d16000 	C:\Windows\SYSTEM32\dhcpcsvc6.DLL
0x00007ff811ce0000 - 0x00007ff811cfc000 	C:\Windows\SYSTEM32\dhcpcsvc.DLL

VM Arguments:
jvm_args: -agentlib:jdwp=transport=dt_socket,suspend=y,address=localhost:54644 -Dcom.sun.management.jmxremote -Dcom.sun.management.jmxremote.port=54643 -Dcom.sun.management.jmxremote.authenticate=false -Dcom.sun.management.jmxremote.ssl=false -Djava.rmi.server.hostname=localhost -Dspring.jmx.enabled=true -Dspring.application.admin.enabled=true -Xverify:none -XX:TieredStopAtLevel=1 -Dspring.boot.project.name=spring-solution -Dfile.encoding=UTF-8 
java_command: com.chapumix.solution.app.SpringSolutionApplication --spring.output.ansi.enabled=always
java_class_path (initial): D:\aplicaciones-spring\spring-solution\target\classes;C:\Users\sistemas\.m2\repository\org\springframework\boot\spring-boot-starter-data-jpa\2.1.6.RELEASE\spring-boot-starter-data-jpa-2.1.6.RELEASE.jar;C:\Users\sistemas\.m2\repository\org\springframework\boot\spring-boot-starter-aop\2.1.6.RELEASE\spring-boot-starter-aop-2.1.6.RELEASE.jar;C:\Users\sistemas\.m2\repository\org\aspectj\aspectjweaver\1.9.4\aspectjweaver-1.9.4.jar;C:\Users\sistemas\.m2\repository\org\springframework\boot\spring-boot-starter-jdbc\2.1.6.RELEASE\spring-boot-starter-jdbc-2.1.6.RELEASE.jar;C:\Users\sistemas\.m2\repository\com\zaxxer\HikariCP\3.2.0\HikariCP-3.2.0.jar;C:\Users\sistemas\.m2\repository\org\springframework\spring-jdbc\5.1.8.RELEASE\spring-jdbc-5.1.8.RELEASE.jar;C:\Users\sistemas\.m2\repository\javax\transaction\javax.transaction-api\1.3\javax.transaction-api-1.3.jar;C:\Users\sistemas\.m2\repository\javax\xml\bind\jaxb-api\2.3.1\jaxb-api-2.3.1.jar;C:\Users\sistemas\.m2\repository\javax\activation\javax.activation-api\1.2.0\javax.activation-api-1.2.0.jar;C:\Users\sistemas\.m2\repository\org\hibernate\hibernate-core\5.3.10.Final\hibernate-core-5.3.10.Final.jar;C:\Users\sistemas\.m2\repository\org\jboss\logging\jboss-logging\3.3.2.Final\jboss-logging-3.3.2.Final.jar;C:\Users\sistemas\.m2\repository\javax\persistence\javax.persistence-api\2.2\javax.persistence-api-2.2.jar;C:\Users\sistemas\.m2\repository\org\javassist\javassist\3.23.2-GA\javassist-3.23.2-GA.jar;C:\Users\sistemas\.m2\repository\net\bytebuddy\byte-buddy\1.9.13\byte-buddy-1.9.13.jar;C:\Users\sistemas\.m2\repository\antlr\antlr\2.7.7\antlr-2.7.7.jar;C:\Users\sistemas\.m2\repository\org\jboss\jandex\2.0.5.Final\jandex-2.0.5.Final.jar;C:\Users\sistemas\.m2\repository\com\fasterxml\classmate\1.4.0\classmate-1.4.0.jar;C:\Users\sistemas\.m2\repository\org\dom4j\dom4j\2.1.1\dom4j-2.1.1.jar;C:\Users\sistemas\.m2\repository\org\hibernate\common\hibernate-commons-annotations\5.0.4.Final\hibernate-commons
Launcher Type: SUN_STANDARD

Environment Variables:
PATH=C:\Program Files\Java\jdk1.8.0_221\jre\bin;C:/Program Files/Java/jre1.8.0_221/bin/server;C:/Program Files/Java/jre1.8.0_221/bin;C:/Program Files/Java/jre1.8.0_221/lib/amd64;C:\Program Files\Microsoft MPI\Bin\;C:\Program Files (x86)\Common Files\Oracle\Java\javapath;C:\Windows\system32;C:\Windows;C:\Windows\System32\Wbem;C:\Windows\System32\WindowsPowerShell\v1.0\;C:\Windows\System32\OpenSSH\;C:\Program Files\dotnet\;C:\Program Files (x86)\BioSecurity\MainResource\postgresql\bin;C:\Program Files\Microsoft SQL Server\Client SDK\ODBC\130\Tools\Binn\;C:\Program Files (x86)\Microsoft SQL Server\130\Tools\Binn\;C:\Program Files\Microsoft SQL Server\130\Tools\Binn\;C:\Program Files\Microsoft SQL Server\130\DTS\Binn\;C:\Program Files (x86)\Microsoft SQL Server\150\DTS\Binn\;C:\Program Files (x86)\Microsoft SQL Server\130\DTS\Binn\;C:\Program Files (x86)\Microsoft SQL Server\140\Tools\Binn\;C:\Program Files\Microsoft SQL Server\140\Tools\Binn\;C:\Program Files\Microsoft SQL Server\140\DTS\Binn\;C:\Users\sistemas\AppData\Local\Microsoft\WindowsApps;;C:\Users\sistemas\AppData\Local\Programs\Microsoft VS Code\bin;C:\Users\sistemas\.dotnet\tools;D:\spring-tools;
USERNAME=sistemas
OS=Windows_NT
PROCESSOR_IDENTIFIER=Intel64 Family 6 Model 94 Stepping 3, GenuineIntel



---------------  S Y S T E M  ---------------

OS: Windows 10.0 , 64 bit Build 18362 (10.0.18362.329)

CPU:total 8 (initial active 8) (4 cores per cpu, 2 threads per core) family 6 model 94 stepping 3, cmov, cx8, fxsr, mmx, sse, sse2, sse3, ssse3, sse4.1, sse4.2, popcnt, avx, avx2, aes, clmul, erms, rtm, 3dnowpref, lzcnt, ht, tsc, tscinvbit, bmi1, bmi2, adx

Memory: 4k page, physical 8081748k(697296k free), swap 23446576k(3751356k free)

vm_info: Java HotSpot(TM) 64-Bit Server VM (25.221-b11) for windows-amd64 JRE (1.8.0_221-b11), built on Jul  4 2019 04:39:29 by "java_re" with MS VC++ 10.0 (VS2010)

time: Mon Feb 24 21:58:12 2020
timezone: Hora est. Pacífico, Sudamérica
elapsed time: 4297 seconds (0d 1h 11m 37s)

