2020-06-03 08:08:14.055  INFO 12104 --- [restartedMain] c.c.s.app.SpringSolutionApplication      : Starting SpringSolutionApplication on DESARROLLO with PID 12104 (D:\aplicaciones-spring\spring-solution\target\classes started by sistemas in D:\aplicaciones-spring\spring-solution)
2020-06-03 08:08:14.061  INFO 12104 --- [restartedMain] c.c.s.app.SpringSolutionApplication      : No active profile set, falling back to default profiles: default
2020-06-03 08:08:14.095  INFO 12104 --- [restartedMain] o.s.b.devtools.restart.ChangeableUrls    : The Class-Path manifest attribute in C:\Users\sistemas\.m2\repository\org\glassfish\jaxb\jaxb-runtime\2.3.2\jaxb-runtime-2.3.2.jar referenced one or more files that do not exist: file:/C:/Users/sistemas/.m2/repository/org/glassfish/jaxb/jaxb-runtime/2.3.2/jakarta.xml.bind-api-2.3.2.jar,file:/C:/Users/sistemas/.m2/repository/org/glassfish/jaxb/jaxb-runtime/2.3.2/txw2-2.3.2.jar,file:/C:/Users/sistemas/.m2/repository/org/glassfish/jaxb/jaxb-runtime/2.3.2/istack-commons-runtime-3.0.8.jar,file:/C:/Users/sistemas/.m2/repository/org/glassfish/jaxb/jaxb-runtime/2.3.2/stax-ex-1.8.1.jar,file:/C:/Users/sistemas/.m2/repository/org/glassfish/jaxb/jaxb-runtime/2.3.2/FastInfoset-1.2.16.jar,file:/C:/Users/sistemas/.m2/repository/org/glassfish/jaxb/jaxb-runtime/2.3.2/jakarta.activation-api-1.2.1.jar
2020-06-03 08:08:14.095  INFO 12104 --- [restartedMain] .e.DevToolsPropertyDefaultsPostProcessor : Devtools property defaults active! Set 'spring.devtools.add-properties' to 'false' to disable
2020-06-03 08:08:14.095  INFO 12104 --- [restartedMain] .e.DevToolsPropertyDefaultsPostProcessor : For additional web related logging consider setting the 'logging.level.web' property to 'DEBUG'
2020-06-03 08:08:14.849  INFO 12104 --- [restartedMain] .s.d.r.c.RepositoryConfigurationDelegate : Bootstrapping Spring Data JPA repositories in DEFAULT mode.
2020-06-03 08:08:14.944  INFO 12104 --- [restartedMain] .s.d.r.c.RepositoryConfigurationDelegate : Finished Spring Data repository scanning in 88ms. Found 13 JPA repository interfaces.
2020-06-03 08:08:15.455  INFO 12104 --- [restartedMain] o.s.b.w.embedded.tomcat.TomcatWebServer  : Tomcat initialized with port(s): 9001 (http)
2020-06-03 08:08:15.462  INFO 12104 --- [restartedMain] o.apache.catalina.core.StandardService   : Starting service [Tomcat]
2020-06-03 08:08:15.462  INFO 12104 --- [restartedMain] org.apache.catalina.core.StandardEngine  : Starting Servlet engine: [Apache Tomcat/9.0.31]
2020-06-03 08:08:15.601  INFO 12104 --- [restartedMain] o.a.c.c.C.[Tomcat].[localhost].[/]       : Initializing Spring embedded WebApplicationContext
2020-06-03 08:08:15.601  INFO 12104 --- [restartedMain] o.s.web.context.ContextLoader            : Root WebApplicationContext: initialization completed in 1505 ms
2020-06-03 08:08:15.707  INFO 12104 --- [restartedMain] com.zaxxer.hikari.HikariDataSource       : HikariPool-1 - Starting...
2020-06-03 08:08:15.840  INFO 12104 --- [restartedMain] com.zaxxer.hikari.HikariDataSource       : HikariPool-1 - Start completed.
2020-06-03 08:08:15.875  INFO 12104 --- [restartedMain] o.hibernate.jpa.internal.util.LogHelper  : HHH000204: Processing PersistenceUnitInfo [name: default]
2020-06-03 08:08:15.996  INFO 12104 --- [restartedMain] org.hibernate.Version                    : HHH000412: Hibernate ORM core version 5.4.12.Final
2020-06-03 08:08:16.074  INFO 12104 --- [restartedMain] o.hibernate.annotations.common.Version   : HCANN000001: Hibernate Commons Annotations {5.1.0.Final}
2020-06-03 08:08:16.141  INFO 12104 --- [restartedMain] org.hibernate.dialect.Dialect            : HHH000400: Using dialect: org.hibernate.dialect.MySQL5InnoDBDialect
2020-06-03 08:08:16.710  INFO 12104 --- [restartedMain] o.h.e.t.j.p.i.JtaPlatformInitiator       : HHH000490: Using JtaPlatform implementation: [org.hibernate.engine.transaction.jta.platform.internal.NoJtaPlatform]
2020-06-03 08:08:16.715  INFO 12104 --- [restartedMain] j.LocalContainerEntityManagerFactoryBean : Initialized JPA EntityManagerFactory for persistence unit 'default'
2020-06-03 08:08:16.743  WARN 12104 --- [restartedMain] JpaBaseConfiguration$JpaWebConfiguration : spring.jpa.open-in-view is enabled by default. Therefore, database queries may be performed during view rendering. Explicitly configure spring.jpa.open-in-view to disable this warning
2020-06-03 08:08:17.367  INFO 12104 --- [restartedMain] o.s.s.concurrent.ThreadPoolTaskExecutor  : Initializing ExecutorService 'applicationTaskExecutor'
2020-06-03 08:08:17.420  INFO 12104 --- [restartedMain] o.s.b.a.w.s.WelcomePageHandlerMapping    : Adding welcome page template: index
2020-06-03 08:08:17.601  INFO 12104 --- [restartedMain] o.s.s.web.DefaultSecurityFilterChain     : Creating filter chain: any request, [org.springframework.security.web.context.request.async.WebAsyncManagerIntegrationFilter@163bc9be, org.springframework.security.web.context.SecurityContextPersistenceFilter@5b840de8, org.springframework.security.web.header.HeaderWriterFilter@4ecf22eb, org.springframework.security.web.csrf.CsrfFilter@a8f368e, org.springframework.security.web.authentication.logout.LogoutFilter@1a99dc3f, org.springframework.security.web.authentication.UsernamePasswordAuthenticationFilter@6393e75a, org.springframework.security.web.savedrequest.RequestCacheAwareFilter@70f0d4ad, org.springframework.security.web.servletapi.SecurityContextHolderAwareRequestFilter@1348038c, org.springframework.security.web.authentication.rememberme.RememberMeAuthenticationFilter@6b189c59, org.springframework.security.web.authentication.AnonymousAuthenticationFilter@4ddcaac, org.springframework.security.web.session.SessionManagementFilter@49e54a30, org.springframework.security.web.access.ExceptionTranslationFilter@4778fba5, org.springframework.security.web.access.intercept.FilterSecurityInterceptor@625c7a35]
2020-06-03 08:08:17.610  INFO 12104 --- [restartedMain] o.s.s.c.ThreadPoolTaskScheduler          : Initializing ExecutorService 'taskScheduler'
2020-06-03 08:08:17.870  WARN 12104 --- [restartedMain] o.s.b.d.a.OptionalLiveReloadServer       : Unable to start LiveReload server
2020-06-03 08:08:17.911  INFO 12104 --- [restartedMain] o.s.b.w.embedded.tomcat.TomcatWebServer  : Tomcat started on port(s): 9001 (http) with context path ''
2020-06-03 08:08:17.913  INFO 12104 --- [restartedMain] c.c.s.app.SpringSolutionApplication      : Started SpringSolutionApplication in 4.11 seconds (JVM running for 4.944)
2020-06-03 08:08:22.961  INFO 12104 --- [http-nio-9001-exec-1] o.a.c.c.C.[Tomcat].[localhost].[/]       : Initializing Spring DispatcherServlet 'dispatcherServlet'
2020-06-03 08:08:22.961  INFO 12104 --- [http-nio-9001-exec-1] o.s.web.servlet.DispatcherServlet        : Initializing Servlet 'dispatcherServlet'
2020-06-03 08:08:22.967  INFO 12104 --- [http-nio-9001-exec-1] o.s.web.servlet.DispatcherServlet        : Completed initialization in 5 ms
2020-06-03 14:19:35.492  INFO 12104 --- [Thread-2] o.s.s.c.ThreadPoolTaskScheduler          : Shutting down ExecutorService 'taskScheduler'
2020-06-03 14:19:35.509  INFO 12104 --- [Thread-2] o.s.s.concurrent.ThreadPoolTaskExecutor  : Shutting down ExecutorService 'applicationTaskExecutor'
2020-06-03 14:19:35.524  INFO 12104 --- [Thread-2] j.LocalContainerEntityManagerFactoryBean : Closing JPA EntityManagerFactory for persistence unit 'default'
2020-06-03 14:19:35.554  INFO 12104 --- [Thread-2] com.zaxxer.hikari.HikariDataSource       : HikariPool-1 - Shutdown initiated...
2020-06-03 14:19:35.561  INFO 12104 --- [Thread-2] com.zaxxer.hikari.HikariDataSource       : HikariPool-1 - Shutdown completed.
2020-06-03 14:19:36.252  INFO 12104 --- [restartedMain] c.c.s.app.SpringSolutionApplication      : Starting SpringSolutionApplication on DESARROLLO with PID 12104 (D:\aplicaciones-spring\spring-solution\target\classes started by sistemas in D:\aplicaciones-spring\spring-solution)
2020-06-03 14:19:36.252  INFO 12104 --- [restartedMain] c.c.s.app.SpringSolutionApplication      : No active profile set, falling back to default profiles: default
2020-06-03 14:19:36.959  INFO 12104 --- [restartedMain] .s.d.r.c.RepositoryConfigurationDelegate : Bootstrapping Spring Data JPA repositories in DEFAULT mode.
2020-06-03 14:19:37.011  INFO 12104 --- [restartedMain] .s.d.r.c.RepositoryConfigurationDelegate : Finished Spring Data repository scanning in 51ms. Found 13 JPA repository interfaces.
2020-06-03 14:19:37.236  INFO 12104 --- [restartedMain] o.s.b.w.embedded.tomcat.TomcatWebServer  : Tomcat initialized with port(s): 9001 (http)
2020-06-03 14:19:37.236  INFO 12104 --- [restartedMain] o.apache.catalina.core.StandardService   : Starting service [Tomcat]
2020-06-03 14:19:37.237  INFO 12104 --- [restartedMain] org.apache.catalina.core.StandardEngine  : Starting Servlet engine: [Apache Tomcat/9.0.31]
2020-06-03 14:19:37.279  INFO 12104 --- [restartedMain] o.a.c.c.C.[Tomcat].[localhost].[/]       : Initializing Spring embedded WebApplicationContext
2020-06-03 14:19:37.279  INFO 12104 --- [restartedMain] o.s.web.context.ContextLoader            : Root WebApplicationContext: initialization completed in 1022 ms
2020-06-03 14:19:37.323  INFO 12104 --- [restartedMain] com.zaxxer.hikari.HikariDataSource       : HikariPool-2 - Starting...
2020-06-03 14:19:37.327  INFO 12104 --- [restartedMain] com.zaxxer.hikari.HikariDataSource       : HikariPool-2 - Start completed.
2020-06-03 14:19:37.335  INFO 12104 --- [restartedMain] o.hibernate.jpa.internal.util.LogHelper  : HHH000204: Processing PersistenceUnitInfo [name: default]
2020-06-03 14:19:37.340  INFO 12104 --- [restartedMain] org.hibernate.dialect.Dialect            : HHH000400: Using dialect: org.hibernate.dialect.MySQL5InnoDBDialect
2020-06-03 14:19:37.508  INFO 12104 --- [restartedMain] o.h.e.t.j.p.i.JtaPlatformInitiator       : HHH000490: Using JtaPlatform implementation: [org.hibernate.engine.transaction.jta.platform.internal.NoJtaPlatform]
2020-06-03 14:19:37.509  INFO 12104 --- [restartedMain] j.LocalContainerEntityManagerFactoryBean : Initialized JPA EntityManagerFactory for persistence unit 'default'
2020-06-03 14:19:37.530  WARN 12104 --- [restartedMain] JpaBaseConfiguration$JpaWebConfiguration : spring.jpa.open-in-view is enabled by default. Therefore, database queries may be performed during view rendering. Explicitly configure spring.jpa.open-in-view to disable this warning
2020-06-03 14:19:37.814  INFO 12104 --- [restartedMain] o.s.s.concurrent.ThreadPoolTaskExecutor  : Initializing ExecutorService 'applicationTaskExecutor'
2020-06-03 14:19:37.833  INFO 12104 --- [restartedMain] o.s.b.a.w.s.WelcomePageHandlerMapping    : Adding welcome page template: index
2020-06-03 14:19:37.887  INFO 12104 --- [restartedMain] o.s.s.web.DefaultSecurityFilterChain     : Creating filter chain: any request, [org.springframework.security.web.context.request.async.WebAsyncManagerIntegrationFilter@2020b538, org.springframework.security.web.context.SecurityContextPersistenceFilter@462fc9df, org.springframework.security.web.header.HeaderWriterFilter@123d1359, org.springframework.security.web.csrf.CsrfFilter@4645b1f, org.springframework.security.web.authentication.logout.LogoutFilter@2990ad0e, org.springframework.security.web.authentication.UsernamePasswordAuthenticationFilter@6b84c18c, org.springframework.security.web.savedrequest.RequestCacheAwareFilter@253c1807, org.springframework.security.web.servletapi.SecurityContextHolderAwareRequestFilter@5fe17022, org.springframework.security.web.authentication.rememberme.RememberMeAuthenticationFilter@6e00f22e, org.springframework.security.web.authentication.AnonymousAuthenticationFilter@5c857365, org.springframework.security.web.session.SessionManagementFilter@60b5ca75, org.springframework.security.web.access.ExceptionTranslationFilter@fbd99a4, org.springframework.security.web.access.intercept.FilterSecurityInterceptor@60039b52]
2020-06-03 14:19:37.891  INFO 12104 --- [restartedMain] o.s.s.c.ThreadPoolTaskScheduler          : Initializing ExecutorService 'taskScheduler'
2020-06-03 14:19:38.154  WARN 12104 --- [restartedMain] o.s.b.d.a.OptionalLiveReloadServer       : Unable to start LiveReload server
2020-06-03 14:19:38.169  INFO 12104 --- [restartedMain] o.s.b.w.embedded.tomcat.TomcatWebServer  : Tomcat started on port(s): 9001 (http) with context path ''
2020-06-03 14:19:38.170  INFO 12104 --- [restartedMain] c.c.s.app.SpringSolutionApplication      : Started SpringSolutionApplication in 1.955 seconds (JVM running for 22285.2)
2020-06-03 14:19:38.171  INFO 12104 --- [restartedMain] .ConditionEvaluationDeltaLoggingListener : Condition evaluation unchanged
2020-06-03 14:21:04.537  INFO 12104 --- [http-nio-9001-exec-1] o.a.c.c.C.[Tomcat].[localhost].[/]       : Initializing Spring DispatcherServlet 'dispatcherServlet'
2020-06-03 14:21:04.540  INFO 12104 --- [http-nio-9001-exec-1] o.s.web.servlet.DispatcherServlet        : Initializing Servlet 'dispatcherServlet'
2020-06-03 14:21:04.551  INFO 12104 --- [http-nio-9001-exec-1] o.s.web.servlet.DispatcherServlet        : Completed initialization in 10 ms
2020-06-03 15:03:37.894  INFO 12104 --- [RMI TCP Connection(442)-127.0.0.1] inMXBeanRegistrar$SpringApplicationAdmin : Application shutdown requested.
2020-06-03 15:03:37.906  INFO 12104 --- [RMI TCP Connection(442)-127.0.0.1] o.s.s.c.ThreadPoolTaskScheduler          : Shutting down ExecutorService 'taskScheduler'
2020-06-03 15:03:37.907  INFO 12104 --- [RMI TCP Connection(442)-127.0.0.1] o.s.s.concurrent.ThreadPoolTaskExecutor  : Shutting down ExecutorService 'applicationTaskExecutor'
2020-06-03 15:03:37.908  INFO 12104 --- [RMI TCP Connection(442)-127.0.0.1] j.LocalContainerEntityManagerFactoryBean : Closing JPA EntityManagerFactory for persistence unit 'default'
2020-06-03 15:03:37.910  INFO 12104 --- [RMI TCP Connection(442)-127.0.0.1] com.zaxxer.hikari.HikariDataSource       : HikariPool-2 - Shutdown initiated...
2020-06-03 15:03:37.915  INFO 12104 --- [RMI TCP Connection(442)-127.0.0.1] com.zaxxer.hikari.HikariDataSource       : HikariPool-2 - Shutdown completed.
2020-06-03 19:15:38.856  INFO 8628 --- [restartedMain] c.c.s.app.SpringSolutionApplication      : Starting SpringSolutionApplication on DESKTOP-0USDJCK with PID 8628 (E:\proyaectosjavaspring\spring-solution\target\classes started by Administrador in E:\proyaectosjavaspring\spring-solution)
2020-06-03 19:15:38.858  INFO 8628 --- [restartedMain] c.c.s.app.SpringSolutionApplication      : No active profile set, falling back to default profiles: default
2020-06-03 19:15:38.890  INFO 8628 --- [restartedMain] o.s.b.devtools.restart.ChangeableUrls    : The Class-Path manifest attribute in C:\Users\Administrador\.m2\repository\org\glassfish\jaxb\jaxb-runtime\2.3.2\jaxb-runtime-2.3.2.jar referenced one or more files that do not exist: file:/C:/Users/Administrador/.m2/repository/org/glassfish/jaxb/jaxb-runtime/2.3.2/jakarta.xml.bind-api-2.3.2.jar,file:/C:/Users/Administrador/.m2/repository/org/glassfish/jaxb/jaxb-runtime/2.3.2/txw2-2.3.2.jar,file:/C:/Users/Administrador/.m2/repository/org/glassfish/jaxb/jaxb-runtime/2.3.2/istack-commons-runtime-3.0.8.jar,file:/C:/Users/Administrador/.m2/repository/org/glassfish/jaxb/jaxb-runtime/2.3.2/stax-ex-1.8.1.jar,file:/C:/Users/Administrador/.m2/repository/org/glassfish/jaxb/jaxb-runtime/2.3.2/FastInfoset-1.2.16.jar,file:/C:/Users/Administrador/.m2/repository/org/glassfish/jaxb/jaxb-runtime/2.3.2/jakarta.activation-api-1.2.1.jar
2020-06-03 19:15:38.891  INFO 8628 --- [restartedMain] .e.DevToolsPropertyDefaultsPostProcessor : Devtools property defaults active! Set 'spring.devtools.add-properties' to 'false' to disable
2020-06-03 19:15:38.891  INFO 8628 --- [restartedMain] .e.DevToolsPropertyDefaultsPostProcessor : For additional web related logging consider setting the 'logging.level.web' property to 'DEBUG'
2020-06-03 19:15:39.458  INFO 8628 --- [restartedMain] .s.d.r.c.RepositoryConfigurationDelegate : Bootstrapping Spring Data JPA repositories in DEFAULT mode.
2020-06-03 19:15:39.534  INFO 8628 --- [restartedMain] .s.d.r.c.RepositoryConfigurationDelegate : Finished Spring Data repository scanning in 70ms. Found 13 JPA repository interfaces.
2020-06-03 19:15:40.032  INFO 8628 --- [restartedMain] o.s.b.w.embedded.tomcat.TomcatWebServer  : Tomcat initialized with port(s): 9001 (http)
2020-06-03 19:15:40.039  INFO 8628 --- [restartedMain] o.apache.catalina.core.StandardService   : Starting service [Tomcat]
2020-06-03 19:15:40.039  INFO 8628 --- [restartedMain] org.apache.catalina.core.StandardEngine  : Starting Servlet engine: [Apache Tomcat/9.0.31]
2020-06-03 19:15:40.171  INFO 8628 --- [restartedMain] o.a.c.c.C.[Tomcat].[localhost].[/]       : Initializing Spring embedded WebApplicationContext
2020-06-03 19:15:40.172  INFO 8628 --- [restartedMain] o.s.web.context.ContextLoader            : Root WebApplicationContext: initialization completed in 1281 ms
2020-06-03 19:15:40.310  INFO 8628 --- [restartedMain] com.zaxxer.hikari.HikariDataSource       : HikariPool-1 - Starting...
2020-06-03 19:15:40.401  INFO 8628 --- [restartedMain] com.zaxxer.hikari.HikariDataSource       : HikariPool-1 - Start completed.
2020-06-03 19:15:40.481  INFO 8628 --- [restartedMain] o.hibernate.jpa.internal.util.LogHelper  : HHH000204: Processing PersistenceUnitInfo [name: default]
2020-06-03 19:15:40.536  INFO 8628 --- [restartedMain] org.hibernate.Version                    : HHH000412: Hibernate ORM core version 5.4.12.Final
2020-06-03 19:15:40.613  INFO 8628 --- [restartedMain] o.hibernate.annotations.common.Version   : HCANN000001: Hibernate Commons Annotations {5.1.0.Final}
2020-06-03 19:15:40.677  INFO 8628 --- [restartedMain] org.hibernate.dialect.Dialect            : HHH000400: Using dialect: org.hibernate.dialect.MySQL5InnoDBDialect
2020-06-03 19:15:41.223  INFO 8628 --- [restartedMain] o.h.e.t.j.p.i.JtaPlatformInitiator       : HHH000490: Using JtaPlatform implementation: [org.hibernate.engine.transaction.jta.platform.internal.NoJtaPlatform]
2020-06-03 19:15:41.228  INFO 8628 --- [restartedMain] j.LocalContainerEntityManagerFactoryBean : Initialized JPA EntityManagerFactory for persistence unit 'default'
2020-06-03 19:15:41.261  WARN 8628 --- [restartedMain] JpaBaseConfiguration$JpaWebConfiguration : spring.jpa.open-in-view is enabled by default. Therefore, database queries may be performed during view rendering. Explicitly configure spring.jpa.open-in-view to disable this warning
2020-06-03 19:15:41.858  INFO 8628 --- [restartedMain] o.s.s.concurrent.ThreadPoolTaskExecutor  : Initializing ExecutorService 'applicationTaskExecutor'
2020-06-03 19:15:41.906  INFO 8628 --- [restartedMain] o.s.b.a.w.s.WelcomePageHandlerMapping    : Adding welcome page template: index
2020-06-03 19:15:42.065  INFO 8628 --- [restartedMain] o.s.s.web.DefaultSecurityFilterChain     : Creating filter chain: any request, [org.springframework.security.web.context.request.async.WebAsyncManagerIntegrationFilter@6dec50ca, org.springframework.security.web.context.SecurityContextPersistenceFilter@214a1f84, org.springframework.security.web.header.HeaderWriterFilter@545cf0de, org.springframework.security.web.csrf.CsrfFilter@4200e241, org.springframework.security.web.authentication.logout.LogoutFilter@60265f12, org.springframework.security.web.authentication.UsernamePasswordAuthenticationFilter@263dc653, org.springframework.security.web.savedrequest.RequestCacheAwareFilter@ba23b9a, org.springframework.security.web.servletapi.SecurityContextHolderAwareRequestFilter@1c5a5b9a, org.springframework.security.web.authentication.rememberme.RememberMeAuthenticationFilter@55ad9220, org.springframework.security.web.authentication.AnonymousAuthenticationFilter@759042, org.springframework.security.web.session.SessionManagementFilter@32fe3c6d, org.springframework.security.web.access.ExceptionTranslationFilter@19de9d6a, org.springframework.security.web.access.intercept.FilterSecurityInterceptor@5a8fb0f0]
2020-06-03 19:15:42.073  INFO 8628 --- [restartedMain] o.s.s.c.ThreadPoolTaskScheduler          : Initializing ExecutorService 'taskScheduler'
2020-06-03 19:15:42.308  WARN 8628 --- [restartedMain] o.s.b.d.a.OptionalLiveReloadServer       : Unable to start LiveReload server
2020-06-03 19:15:42.346  INFO 8628 --- [restartedMain] o.s.b.w.embedded.tomcat.TomcatWebServer  : Tomcat started on port(s): 9001 (http) with context path ''
2020-06-03 19:15:42.348  INFO 8628 --- [restartedMain] c.c.s.app.SpringSolutionApplication      : Started SpringSolutionApplication in 3.727 seconds (JVM running for 4.783)
2020-06-03 19:15:47.096  INFO 8628 --- [http-nio-9001-exec-1] o.a.c.c.C.[Tomcat].[localhost].[/]       : Initializing Spring DispatcherServlet 'dispatcherServlet'
2020-06-03 19:15:47.096  INFO 8628 --- [http-nio-9001-exec-1] o.s.web.servlet.DispatcherServlet        : Initializing Servlet 'dispatcherServlet'
2020-06-03 19:15:47.101  INFO 8628 --- [http-nio-9001-exec-1] o.s.web.servlet.DispatcherServlet        : Completed initialization in 5 ms
2020-06-03 19:44:06.334  INFO 8628 --- [RMI TCP Connection(35)-127.0.0.1] inMXBeanRegistrar$SpringApplicationAdmin : Application shutdown requested.
2020-06-03 19:44:06.337  INFO 8628 --- [RMI TCP Connection(35)-127.0.0.1] o.s.s.c.ThreadPoolTaskScheduler          : Shutting down ExecutorService 'taskScheduler'
2020-06-03 19:44:06.338  INFO 8628 --- [RMI TCP Connection(35)-127.0.0.1] o.s.s.concurrent.ThreadPoolTaskExecutor  : Shutting down ExecutorService 'applicationTaskExecutor'
2020-06-03 19:44:06.339  INFO 8628 --- [RMI TCP Connection(35)-127.0.0.1] j.LocalContainerEntityManagerFactoryBean : Closing JPA EntityManagerFactory for persistence unit 'default'
2020-06-03 19:44:06.342  INFO 8628 --- [RMI TCP Connection(35)-127.0.0.1] com.zaxxer.hikari.HikariDataSource       : HikariPool-1 - Shutdown initiated...
2020-06-03 19:44:06.347  INFO 8628 --- [RMI TCP Connection(35)-127.0.0.1] com.zaxxer.hikari.HikariDataSource       : HikariPool-1 - Shutdown completed.
